0 info it worked if it ends with ok
1 verbose cli [ 'C:\\Program Files\\nodejs\\node.exe',
1 verbose cli   'C:\\Program Files\\nodejs\\node_modules\\npm\\bin\\npm-cli.js',
1 verbose cli   'run',
1 verbose cli   'sass_watch' ]
2 info using npm@3.3.8
3 info using node@v4.2.1
4 verbose run-script [ 'presass_watch', 'sass_watch', 'postsass_watch' ]
5 info lifecycle go2golf@1.0.0~presass_watch: go2golf@1.0.0
6 silly lifecycle go2golf@1.0.0~presass_watch: no script for presass_watch, continuing
7 info lifecycle go2golf@1.0.0~sass_watch: go2golf@1.0.0
8 verbose lifecycle go2golf@1.0.0~sass_watch: unsafe-perm in lifecycle true
9 verbose lifecycle go2golf@1.0.0~sass_watch: PATH: C:\Users\jtudsbury\AppData\Roaming\nvm\v4.2.1\node_modules\npm\bin\node-gyp-bin;C:\xampp\htdocs\go2golf\node_modules\.bin;C:\ProgramData\Oracle\Java\javapath;C:\WINDOWS\system32;C:\WINDOWS;C:\WINDOWS\System32\Wbem;C:\WINDOWS\System32\WindowsPowerShell\v1.0\;C:\Program Files (x86)\ATI Technologies\ATI.ACE\Core-Static;C:\Program Files\Git\cmd;C:\Users\jtudsbury\AppData\Roaming\nvm;C:\Program Files\nodejs;C:\Ruby200\bin;C:\Ruby193\bin;C:\Users\jtudsbury\AppData\Local\atom\bin;C:\xampp\mysql\bin\;C:\Users\jtudsbury\AppData\Local\Code\bin;C:\Users\jtudsbury\AppData\Roaming\npm;C:\Users\jtudsbury\AppData\Roaming\nvm;C:\Program Files\nodejs
10 verbose lifecycle go2golf@1.0.0~sass_watch: CWD: C:\xampp\htdocs\go2golf
11 silly lifecycle go2golf@1.0.0~sass_watch: Args: [ '/d /s /c',
11 silly lifecycle   'sass --watch wp-content/themes/go2golf/_source/styles/main.scss:wp-content/themes/go2golf/dist/styles/main.css' ]
12 silly lifecycle go2golf@1.0.0~sass_watch: Returned: code: 1  signal: null
13 info lifecycle go2golf@1.0.0~sass_watch: Failed to exec sass_watch script
14 verbose stack Error: go2golf@1.0.0 sass_watch: `sass --watch wp-content/themes/go2golf/_source/styles/main.scss:wp-content/themes/go2golf/dist/styles/main.css`
14 verbose stack Exit status 1
14 verbose stack     at EventEmitter.<anonymous> (C:\Users\jtudsbury\AppData\Roaming\nvm\v4.2.1\node_modules\npm\lib\utils\lifecycle.js:233:16)
14 verbose stack     at emitTwo (events.js:87:13)
14 verbose stack     at EventEmitter.emit (events.js:172:7)
14 verbose stack     at ChildProcess.<anonymous> (C:\Users\jtudsbury\AppData\Roaming\nvm\v4.2.1\node_modules\npm\lib\utils\spawn.js:24:14)
14 verbose stack     at emitTwo (events.js:87:13)
14 verbose stack     at ChildProcess.emit (events.js:172:7)
14 verbose stack     at maybeClose (internal/child_process.js:818:16)
14 verbose stack     at Process.ChildProcess._handle.onexit (internal/child_process.js:211:5)
15 verbose pkgid go2golf@1.0.0
16 verbose cwd C:\xampp\htdocs\go2golf\wp-content\themes\go2golf
17 error Windows_NT 10.0.10240
18 error argv "C:\\Program Files\\nodejs\\node.exe" "C:\\Program Files\\nodejs\\node_modules\\npm\\bin\\npm-cli.js" "run" "sass_watch"
19 error node v4.2.1
20 error npm  v3.3.8
21 error code ELIFECYCLE
22 error go2golf@1.0.0 sass_watch: `sass --watch wp-content/themes/go2golf/_source/styles/main.scss:wp-content/themes/go2golf/dist/styles/main.css`
22 error Exit status 1
23 error Failed at the go2golf@1.0.0 sass_watch script 'sass --watch wp-content/themes/go2golf/_source/styles/main.scss:wp-content/themes/go2golf/dist/styles/main.css'.
23 error This is most likely a problem with the go2golf package,
23 error not with npm itself.
23 error Tell the author that this fails on your system:
23 error     sass --watch wp-content/themes/go2golf/_source/styles/main.scss:wp-content/themes/go2golf/dist/styles/main.css
23 error You can get their info via:
23 error     npm owner ls go2golf
23 error There is likely additional logging output above.
24 verbose exit [ 1, true ]
